<?xml version="1.0" encoding="UTF-8"?>
<!-- Generated by org.testng.reporters.JUnitReportReporter -->
<testsuite hostname="eti" failures="0" tests="1" name="testCases.TC_001_AccountRegistrationTest" time="4.595" errors="0" timestamp="2023-06-10T23:42:52 IST" skipped="0">
  <testcase classname="testCases.TC_001_AccountRegistrationTest" name="test_account_Registration" time="4.595"/>
  <system-out/>
</testsuite> <!-- testCases.TC_001_AccountRegistrationTest -->
